<?xml version="1.0" encoding="UTF-8"?>
<testsuite name="me.sangjin.actions.ActionsApplicationTests" tests="1" skipped="0" failures="0" errors="0" timestamp="2021-12-27T13:27:26" hostname="osangjin-ui-MacBookPro.local" time="0.337">
  <properties/>
  <testcase name="contextLoads()" classname="me.sangjin.actions.ActionsApplicationTests" time="0.337"/>
  <system-out><![CDATA[22:27:24.959 [Test worker] DEBUG org.springframework.test.context.BootstrapUtils - Instantiating CacheAwareContextLoaderDelegate from class [org.springframework.test.context.cache.DefaultCacheAwareContextLoaderDelegate]
22:27:24.967 [Test worker] DEBUG org.springframework.test.context.BootstrapUtils - Instantiating BootstrapContext using constructor [public org.springframework.test.context.support.DefaultBootstrapContext(java.lang.Class,org.springframework.test.context.CacheAwareContextLoaderDelegate)]
22:27:24.993 [Test worker] DEBUG org.springframework.test.context.BootstrapUtils - Instantiating TestContextBootstrapper for test class [me.sangjin.actions.ActionsApplicationTests] from class [org.springframework.boot.test.context.SpringBootTestContextBootstrapper]
22:27:25.002 [Test worker] INFO org.springframework.boot.test.context.SpringBootTestContextBootstrapper - Neither @ContextConfiguration nor @ContextHierarchy found for test class [me.sangjin.actions.ActionsApplicationTests], using SpringBootContextLoader
22:27:25.005 [Test worker] DEBUG org.springframework.test.context.support.AbstractContextLoader - Did not detect default resource location for test class [me.sangjin.actions.ActionsApplicationTests]: class path resource [me/sangjin/actions/ActionsApplicationTests-context.xml] does not exist
22:27:25.005 [Test worker] DEBUG org.springframework.test.context.support.AbstractContextLoader - Did not detect default resource location for test class [me.sangjin.actions.ActionsApplicationTests]: class path resource [me/sangjin/actions/ActionsApplicationTestsContext.groovy] does not exist
22:27:25.006 [Test worker] INFO org.springframework.test.context.support.AbstractContextLoader - Could not detect default resource locations for test class [me.sangjin.actions.ActionsApplicationTests]: no resource found for suffixes {-context.xml, Context.groovy}.
22:27:25.006 [Test worker] INFO org.springframework.test.context.support.AnnotationConfigContextLoaderUtils - Could not detect default configuration classes for test class [me.sangjin.actions.ActionsApplicationTests]: ActionsApplicationTests does not declare any static, non-private, non-final, nested classes annotated with @Configuration.
22:27:25.041 [Test worker] DEBUG org.springframework.test.context.support.ActiveProfilesUtils - Could not find an 'annotation declaring class' for annotation type [org.springframework.test.context.ActiveProfiles] and class [me.sangjin.actions.ActionsApplicationTests]
22:27:25.078 [Test worker] DEBUG org.springframework.context.annotation.ClassPathScanningCandidateComponentProvider - Identified candidate component class: file [/Users/sangjin/Desktop/temp/Github-Actions/build/classes/java/main/me/sangjin/actions/ActionsApplication.class]
22:27:25.079 [Test worker] INFO org.springframework.boot.test.context.SpringBootTestContextBootstrapper - Found @SpringBootConfiguration me.sangjin.actions.ActionsApplication for test class me.sangjin.actions.ActionsApplicationTests
22:27:25.152 [Test worker] DEBUG org.springframework.boot.test.context.SpringBootTestContextBootstrapper - @TestExecutionListeners is not present for class [me.sangjin.actions.ActionsApplicationTests]: using defaults.
22:27:25.153 [Test worker] INFO org.springframework.boot.test.context.SpringBootTestContextBootstrapper - Loaded default TestExecutionListener class names from location [META-INF/spring.factories]: [org.springframework.boot.test.autoconfigure.restdocs.RestDocsTestExecutionListener, org.springframework.boot.test.autoconfigure.web.client.MockRestServiceServerResetTestExecutionListener, org.springframework.boot.test.autoconfigure.web.servlet.MockMvcPrintOnlyOnFailureTestExecutionListener, org.springframework.boot.test.autoconfigure.web.servlet.WebDriverTestExecutionListener, org.springframework.boot.test.autoconfigure.webservices.client.MockWebServiceServerTestExecutionListener, org.springframework.boot.test.mock.mockito.MockitoTestExecutionListener, org.springframework.boot.test.mock.mockito.ResetMocksTestExecutionListener, org.springframework.test.context.web.ServletTestExecutionListener, org.springframework.test.context.support.DirtiesContextBeforeModesTestExecutionListener, org.springframework.test.context.event.ApplicationEventsTestExecutionListener, org.springframework.test.context.support.DependencyInjectionTestExecutionListener, org.springframework.test.context.support.DirtiesContextTestExecutionListener, org.springframework.test.context.transaction.TransactionalTestExecutionListener, org.springframework.test.context.jdbc.SqlScriptsTestExecutionListener, org.springframework.test.context.event.EventPublishingTestExecutionListener]
22:27:25.163 [Test worker] DEBUG org.springframework.boot.test.context.SpringBootTestContextBootstrapper - Skipping candidate TestExecutionListener [org.springframework.test.context.transaction.TransactionalTestExecutionListener] due to a missing dependency. Specify custom listener classes or make the default listener classes and their required dependencies available. Offending class: [org/springframework/transaction/TransactionDefinition]
22:27:25.163 [Test worker] DEBUG org.springframework.boot.test.context.SpringBootTestContextBootstrapper - Skipping candidate TestExecutionListener [org.springframework.test.context.jdbc.SqlScriptsTestExecutionListener] due to a missing dependency. Specify custom listener classes or make the default listener classes and their required dependencies available. Offending class: [org/springframework/transaction/interceptor/TransactionAttribute]
22:27:25.163 [Test worker] INFO org.springframework.boot.test.context.SpringBootTestContextBootstrapper - Using TestExecutionListeners: [org.springframework.test.context.web.ServletTestExecutionListener@127e70c5, org.springframework.test.context.support.DirtiesContextBeforeModesTestExecutionListener@5910de75, org.springframework.test.context.event.ApplicationEventsTestExecutionListener@4108fa66, org.springframework.boot.test.mock.mockito.MockitoTestExecutionListener@1f130eaf, org.springframework.boot.test.autoconfigure.SpringBootDependencyInjectionTestExecutionListener@7e0aadd0, org.springframework.test.context.support.DirtiesContextTestExecutionListener@21362712, org.springframework.test.context.event.EventPublishingTestExecutionListener@27eb3298, org.springframework.boot.test.autoconfigure.restdocs.RestDocsTestExecutionListener@200a26bc, org.springframework.boot.test.autoconfigure.web.client.MockRestServiceServerResetTestExecutionListener@bc57b40, org.springframework.boot.test.autoconfigure.web.servlet.MockMvcPrintOnlyOnFailureTestExecutionListener@1b5bc39d, org.springframework.boot.test.autoconfigure.web.servlet.WebDriverTestExecutionListener@655a5d9c, org.springframework.boot.test.autoconfigure.webservices.client.MockWebServiceServerTestExecutionListener@1494b84d, org.springframework.boot.test.mock.mockito.ResetMocksTestExecutionListener@34abdee4]
22:27:25.166 [Test worker] DEBUG org.springframework.test.context.support.AbstractDirtiesContextTestExecutionListener - Before test class: context [DefaultTestContext@4c4d362a testClass = ActionsApplicationTests, testInstance = [null], testMethod = [null], testException = [null], mergedContextConfiguration = [WebMergedContextConfiguration@5400db36 testClass = ActionsApplicationTests, locations = '{}', classes = '{class me.sangjin.actions.ActionsApplication}', contextInitializerClasses = '[]', activeProfiles = '{}', propertySourceLocations = '{}', propertySourceProperties = '{org.springframework.boot.test.context.SpringBootTestContextBootstrapper=true}', contextCustomizers = set[org.springframework.boot.test.autoconfigure.actuate.metrics.MetricsExportContextCustomizerFactory$DisableMetricExportContextCustomizer@3569fc08, org.springframework.boot.test.autoconfigure.properties.PropertyMappingContextCustomizer@0, org.springframework.boot.test.autoconfigure.web.servlet.WebDriverContextCustomizerFactory$Customizer@2f05be7f, org.springframework.boot.test.context.filter.ExcludeFilterContextCustomizer@64a8c844, org.springframework.boot.test.json.DuplicateJsonObjectContextCustomizerFactory$DuplicateJsonObjectContextCustomizer@18c5069b, org.springframework.boot.test.mock.mockito.MockitoContextCustomizer@0, org.springframework.boot.test.web.client.TestRestTemplateContextCustomizer@5c530d1e, org.springframework.boot.test.context.SpringBootTestArgs@1, org.springframework.boot.test.context.SpringBootTestWebEnvironment@5c86a017], resourceBasePath = 'src/main/webapp', contextLoader = 'org.springframework.boot.test.context.SpringBootContextLoader', parent = [null]], attributes = map['org.springframework.test.context.web.ServletTestExecutionListener.activateListener' -> true]], class annotated with @DirtiesContext [false] with mode [null].
22:27:25.220 [Test worker] DEBUG org.springframework.boot.ApplicationServletEnvironment - Activating profiles []
22:27:25.223 [Test worker] DEBUG org.springframework.test.context.support.TestPropertySourceUtils - Adding inlined properties to environment: {spring.jmx.enabled=false, org.springframework.boot.test.context.SpringBootTestContextBootstrapper=true}

  .   ____          _            __ _ _
 /\\ / ___'_ __ _ _(_)_ __  __ _ \ \ \ \
( ( )\___ | '_ | '_| | '_ \/ _` | \ \ \ \
 \\/  ___)| |_)| | | | | || (_| |  ) ) ) )
  '  |____| .__|_| |_|_| |_\__, | / / / /
 =========|_|==============|___/=/_/_/_/
 :: Spring Boot ::                (v2.6.0)

2021-12-27 22:27:25.582  INFO 45771 --- [    Test worker] m.s.actions.ActionsApplicationTests      : Starting ActionsApplicationTests using Java 11.0.10 on osangjin-ui-MacBookPro.local with PID 45771 (started by sangjin in /Users/sangjin/Desktop/temp/Github-Actions)
2021-12-27 22:27:25.583  INFO 45771 --- [    Test worker] m.s.actions.ActionsApplicationTests      : No active profile set, falling back to default profiles: default
2021-12-27 22:27:26.538  INFO 45771 --- [    Test worker] m.s.actions.ActionsApplicationTests      : Started ActionsApplicationTests in 1.313 seconds (JVM running for 2.206)
]]></system-out>
  <system-err><![CDATA[]]></system-err>
</testsuite>
