<?xml version="1.0" encoding="UTF-8"?>
<testsuite name="me.sangjin.actions.ActionsApplicationTests" tests="1" skipped="0" failures="0" errors="0" timestamp="2021-11-23T11:52:27" hostname="osangjin-ui-MacBookPro.local" time="0.293">
  <properties/>
  <testcase name="contextLoads()" classname="me.sangjin.actions.ActionsApplicationTests" time="0.293"/>
  <system-out><![CDATA[20:52:25.830 [Test worker] DEBUG org.springframework.test.context.BootstrapUtils - Instantiating CacheAwareContextLoaderDelegate from class [org.springframework.test.context.cache.DefaultCacheAwareContextLoaderDelegate]
20:52:25.836 [Test worker] DEBUG org.springframework.test.context.BootstrapUtils - Instantiating BootstrapContext using constructor [public org.springframework.test.context.support.DefaultBootstrapContext(java.lang.Class,org.springframework.test.context.CacheAwareContextLoaderDelegate)]
20:52:25.857 [Test worker] DEBUG org.springframework.test.context.BootstrapUtils - Instantiating TestContextBootstrapper for test class [me.sangjin.actions.ActionsApplicationTests] from class [org.springframework.boot.test.context.SpringBootTestContextBootstrapper]
20:52:25.865 [Test worker] INFO org.springframework.boot.test.context.SpringBootTestContextBootstrapper - Neither @ContextConfiguration nor @ContextHierarchy found for test class [me.sangjin.actions.ActionsApplicationTests], using SpringBootContextLoader
20:52:25.867 [Test worker] DEBUG org.springframework.test.context.support.AbstractContextLoader - Did not detect default resource location for test class [me.sangjin.actions.ActionsApplicationTests]: class path resource [me/sangjin/actions/ActionsApplicationTests-context.xml] does not exist
20:52:25.868 [Test worker] DEBUG org.springframework.test.context.support.AbstractContextLoader - Did not detect default resource location for test class [me.sangjin.actions.ActionsApplicationTests]: class path resource [me/sangjin/actions/ActionsApplicationTestsContext.groovy] does not exist
20:52:25.868 [Test worker] INFO org.springframework.test.context.support.AbstractContextLoader - Could not detect default resource locations for test class [me.sangjin.actions.ActionsApplicationTests]: no resource found for suffixes {-context.xml, Context.groovy}.
20:52:25.869 [Test worker] INFO org.springframework.test.context.support.AnnotationConfigContextLoaderUtils - Could not detect default configuration classes for test class [me.sangjin.actions.ActionsApplicationTests]: ActionsApplicationTests does not declare any static, non-private, non-final, nested classes annotated with @Configuration.
20:52:25.898 [Test worker] DEBUG org.springframework.test.context.support.ActiveProfilesUtils - Could not find an 'annotation declaring class' for annotation type [org.springframework.test.context.ActiveProfiles] and class [me.sangjin.actions.ActionsApplicationTests]
20:52:25.932 [Test worker] DEBUG org.springframework.context.annotation.ClassPathScanningCandidateComponentProvider - Identified candidate component class: file [/Users/sangjin/Desktop/osj/GitActionTest/build/classes/java/main/me/sangjin/actions/ActionsApplication.class]
20:52:25.933 [Test worker] INFO org.springframework.boot.test.context.SpringBootTestContextBootstrapper - Found @SpringBootConfiguration me.sangjin.actions.ActionsApplication for test class me.sangjin.actions.ActionsApplicationTests
20:52:25.997 [Test worker] DEBUG org.springframework.boot.test.context.SpringBootTestContextBootstrapper - @TestExecutionListeners is not present for class [me.sangjin.actions.ActionsApplicationTests]: using defaults.
20:52:25.998 [Test worker] INFO org.springframework.boot.test.context.SpringBootTestContextBootstrapper - Loaded default TestExecutionListener class names from location [META-INF/spring.factories]: [org.springframework.boot.test.autoconfigure.restdocs.RestDocsTestExecutionListener, org.springframework.boot.test.autoconfigure.web.client.MockRestServiceServerResetTestExecutionListener, org.springframework.boot.test.autoconfigure.web.servlet.MockMvcPrintOnlyOnFailureTestExecutionListener, org.springframework.boot.test.autoconfigure.web.servlet.WebDriverTestExecutionListener, org.springframework.boot.test.autoconfigure.webservices.client.MockWebServiceServerTestExecutionListener, org.springframework.boot.test.mock.mockito.MockitoTestExecutionListener, org.springframework.boot.test.mock.mockito.ResetMocksTestExecutionListener, org.springframework.test.context.web.ServletTestExecutionListener, org.springframework.test.context.support.DirtiesContextBeforeModesTestExecutionListener, org.springframework.test.context.event.ApplicationEventsTestExecutionListener, org.springframework.test.context.support.DependencyInjectionTestExecutionListener, org.springframework.test.context.support.DirtiesContextTestExecutionListener, org.springframework.test.context.transaction.TransactionalTestExecutionListener, org.springframework.test.context.jdbc.SqlScriptsTestExecutionListener, org.springframework.test.context.event.EventPublishingTestExecutionListener]
20:52:26.008 [Test worker] DEBUG org.springframework.boot.test.context.SpringBootTestContextBootstrapper - Skipping candidate TestExecutionListener [org.springframework.test.context.transaction.TransactionalTestExecutionListener] due to a missing dependency. Specify custom listener classes or make the default listener classes and their required dependencies available. Offending class: [org/springframework/transaction/interceptor/TransactionAttributeSource]
20:52:26.009 [Test worker] DEBUG org.springframework.boot.test.context.SpringBootTestContextBootstrapper - Skipping candidate TestExecutionListener [org.springframework.test.context.jdbc.SqlScriptsTestExecutionListener] due to a missing dependency. Specify custom listener classes or make the default listener classes and their required dependencies available. Offending class: [org/springframework/transaction/interceptor/TransactionAttribute]
20:52:26.009 [Test worker] INFO org.springframework.boot.test.context.SpringBootTestContextBootstrapper - Using TestExecutionListeners: [org.springframework.test.context.web.ServletTestExecutionListener@7b8233cd, org.springframework.test.context.support.DirtiesContextBeforeModesTestExecutionListener@4b20ca2b, org.springframework.test.context.event.ApplicationEventsTestExecutionListener@1cbf6e72, org.springframework.boot.test.mock.mockito.MockitoTestExecutionListener@6aecbb8d, org.springframework.boot.test.autoconfigure.SpringBootDependencyInjectionTestExecutionListener@1af146, org.springframework.test.context.support.DirtiesContextTestExecutionListener@4da602fc, org.springframework.test.context.event.EventPublishingTestExecutionListener@2a8d39c4, org.springframework.boot.test.autoconfigure.restdocs.RestDocsTestExecutionListener@25b2cfcb, org.springframework.boot.test.autoconfigure.web.client.MockRestServiceServerResetTestExecutionListener@72758afa, org.springframework.boot.test.autoconfigure.web.servlet.MockMvcPrintOnlyOnFailureTestExecutionListener@fb9c7aa, org.springframework.boot.test.autoconfigure.web.servlet.WebDriverTestExecutionListener@4c398c80, org.springframework.boot.test.autoconfigure.webservices.client.MockWebServiceServerTestExecutionListener@7fc6de5b, org.springframework.boot.test.mock.mockito.ResetMocksTestExecutionListener@21baa903]
20:52:26.012 [Test worker] DEBUG org.springframework.test.context.support.AbstractDirtiesContextTestExecutionListener - Before test class: context [DefaultTestContext@58c34bb3 testClass = ActionsApplicationTests, testInstance = [null], testMethod = [null], testException = [null], mergedContextConfiguration = [WebMergedContextConfiguration@56a4479a testClass = ActionsApplicationTests, locations = '{}', classes = '{class me.sangjin.actions.ActionsApplication}', contextInitializerClasses = '[]', activeProfiles = '{}', propertySourceLocations = '{}', propertySourceProperties = '{org.springframework.boot.test.context.SpringBootTestContextBootstrapper=true}', contextCustomizers = set[org.springframework.boot.test.autoconfigure.actuate.metrics.MetricsExportContextCustomizerFactory$DisableMetricExportContextCustomizer@3370f42, org.springframework.boot.test.autoconfigure.properties.PropertyMappingContextCustomizer@0, org.springframework.boot.test.autoconfigure.web.servlet.WebDriverContextCustomizerFactory$Customizer@479ceda0, org.springframework.boot.test.context.filter.ExcludeFilterContextCustomizer@38ba6ce3, org.springframework.boot.test.json.DuplicateJsonObjectContextCustomizerFactory$DuplicateJsonObjectContextCustomizer@25f4878b, org.springframework.boot.test.mock.mockito.MockitoContextCustomizer@0, org.springframework.boot.test.web.client.TestRestTemplateContextCustomizer@3f67593e, org.springframework.boot.test.context.SpringBootTestArgs@1, org.springframework.boot.test.context.SpringBootTestWebEnvironment@2a5c8d3f], resourceBasePath = 'src/main/webapp', contextLoader = 'org.springframework.boot.test.context.SpringBootContextLoader', parent = [null]], attributes = map['org.springframework.test.context.web.ServletTestExecutionListener.activateListener' -> true]], class annotated with @DirtiesContext [false] with mode [null].
20:52:26.055 [Test worker] DEBUG org.springframework.boot.ApplicationServletEnvironment - Activating profiles []
20:52:26.058 [Test worker] DEBUG org.springframework.test.context.support.TestPropertySourceUtils - Adding inlined properties to environment: {spring.jmx.enabled=false, org.springframework.boot.test.context.SpringBootTestContextBootstrapper=true}

  .   ____          _            __ _ _
 /\\ / ___'_ __ _ _(_)_ __  __ _ \ \ \ \
( ( )\___ | '_ | '_| | '_ \/ _` | \ \ \ \
 \\/  ___)| |_)| | | | | || (_| |  ) ) ) )
  '  |____| .__|_| |_|_| |_\__, | / / / /
 =========|_|==============|___/=/_/_/_/
 :: Spring Boot ::                (v2.6.0)

2021-11-23 20:52:26.434  INFO 61705 --- [    Test worker] m.s.actions.ActionsApplicationTests      : Starting ActionsApplicationTests using Java 16 on osangjin-ui-MacBookPro.local with PID 61705 (started by sangjin in /Users/sangjin/Desktop/osj/GitActionTest)
2021-11-23 20:52:26.435  INFO 61705 --- [    Test worker] m.s.actions.ActionsApplicationTests      : No active profile set, falling back to default profiles: default
2021-11-23 20:52:27.297  INFO 61705 --- [    Test worker] m.s.actions.ActionsApplicationTests      : Started ActionsApplicationTests in 1.239 seconds (JVM running for 1.97)
]]></system-out>
  <system-err><![CDATA[]]></system-err>
</testsuite>
